/home/g22/GitHub/ros2_package_testing_ws/src/ai_vision_pkg/install/ai_vision_pkg/lib/python3.10/site-packages/ai_vision_pkg/publisher_member_function.py
/home/g22/GitHub/ros2_package_testing_ws/src/ai_vision_pkg/install/ai_vision_pkg/lib/python3.10/site-packages/ai_vision_pkg/take_photo.py
/home/g22/GitHub/ros2_package_testing_ws/src/ai_vision_pkg/install/ai_vision_pkg/lib/python3.10/site-packages/ai_vision_pkg/__init__.py
/home/g22/GitHub/ros2_package_testing_ws/src/ai_vision_pkg/install/ai_vision_pkg/lib/python3.10/site-packages/ai_vision_pkg/sam2_inference.py
/home/g22/GitHub/ros2_package_testing_ws/src/ai_vision_pkg/install/ai_vision_pkg/lib/python3.10/site-packages/ai_vision_pkg/florence_inference_member_function.py
/home/g22/GitHub/ros2_package_testing_ws/src/ai_vision_pkg/install/ai_vision_pkg/lib/python3.10/site-packages/ai_vision_pkg/NIM_Llama.py
/home/g22/GitHub/ros2_package_testing_ws/src/ai_vision_pkg/install/ai_vision_pkg/lib/python3.10/site-packages/ai_vision_pkg/subscriber_member_function.py
/home/g22/GitHub/ros2_package_testing_ws/src/ai_vision_pkg/install/ai_vision_pkg/lib/python3.10/site-packages/ai_vision_pkg/image_publisher.py
/home/g22/GitHub/ros2_package_testing_ws/src/ai_vision_pkg/install/ai_vision_pkg/lib/python3.10/site-packages/ai_vision_pkg/__pycache__/publisher_member_function.cpython-310.pyc
/home/g22/GitHub/ros2_package_testing_ws/src/ai_vision_pkg/install/ai_vision_pkg/lib/python3.10/site-packages/ai_vision_pkg/__pycache__/take_photo.cpython-310.pyc
/home/g22/GitHub/ros2_package_testing_ws/src/ai_vision_pkg/install/ai_vision_pkg/lib/python3.10/site-packages/ai_vision_pkg/__pycache__/__init__.cpython-310.pyc
/home/g22/GitHub/ros2_package_testing_ws/src/ai_vision_pkg/install/ai_vision_pkg/lib/python3.10/site-packages/ai_vision_pkg/__pycache__/sam2_inference.cpython-310.pyc
/home/g22/GitHub/ros2_package_testing_ws/src/ai_vision_pkg/install/ai_vision_pkg/lib/python3.10/site-packages/ai_vision_pkg/__pycache__/florence_inference_member_function.cpython-310.pyc
/home/g22/GitHub/ros2_package_testing_ws/src/ai_vision_pkg/install/ai_vision_pkg/lib/python3.10/site-packages/ai_vision_pkg/__pycache__/NIM_Llama.cpython-310.pyc
/home/g22/GitHub/ros2_package_testing_ws/src/ai_vision_pkg/install/ai_vision_pkg/lib/python3.10/site-packages/ai_vision_pkg/__pycache__/subscriber_member_function.cpython-310.pyc
/home/g22/GitHub/ros2_package_testing_ws/src/ai_vision_pkg/install/ai_vision_pkg/lib/python3.10/site-packages/ai_vision_pkg/__pycache__/image_publisher.cpython-310.pyc
/home/g22/GitHub/ros2_package_testing_ws/src/ai_vision_pkg/install/ai_vision_pkg/share/ament_index/resource_index/packages/ai_vision_pkg
/home/g22/GitHub/ros2_package_testing_ws/src/ai_vision_pkg/install/ai_vision_pkg/share/ai_vision_pkg/package.xml
/home/g22/GitHub/ros2_package_testing_ws/src/ai_vision_pkg/install/ai_vision_pkg/share/ai_vision_pkg/launch/florence_inference_launch.py
/home/g22/GitHub/ros2_package_testing_ws/src/ai_vision_pkg/install/ai_vision_pkg/share/ai_vision_pkg/launch/vision_system_launch.py
/home/g22/GitHub/ros2_package_testing_ws/src/ai_vision_pkg/install/ai_vision_pkg/share/ai_vision_pkg/srv/LlamaService.srv
/home/g22/GitHub/ros2_package_testing_ws/src/ai_vision_pkg/install/ai_vision_pkg/lib/python3.10/site-packages/ai_vision_pkg-0.0.0-py3.10.egg-info/top_level.txt
/home/g22/GitHub/ros2_package_testing_ws/src/ai_vision_pkg/install/ai_vision_pkg/lib/python3.10/site-packages/ai_vision_pkg-0.0.0-py3.10.egg-info/PKG-INFO
/home/g22/GitHub/ros2_package_testing_ws/src/ai_vision_pkg/install/ai_vision_pkg/lib/python3.10/site-packages/ai_vision_pkg-0.0.0-py3.10.egg-info/SOURCES.txt
/home/g22/GitHub/ros2_package_testing_ws/src/ai_vision_pkg/install/ai_vision_pkg/lib/python3.10/site-packages/ai_vision_pkg-0.0.0-py3.10.egg-info/entry_points.txt
/home/g22/GitHub/ros2_package_testing_ws/src/ai_vision_pkg/install/ai_vision_pkg/lib/python3.10/site-packages/ai_vision_pkg-0.0.0-py3.10.egg-info/zip-safe
/home/g22/GitHub/ros2_package_testing_ws/src/ai_vision_pkg/install/ai_vision_pkg/lib/python3.10/site-packages/ai_vision_pkg-0.0.0-py3.10.egg-info/dependency_links.txt
/home/g22/GitHub/ros2_package_testing_ws/src/ai_vision_pkg/install/ai_vision_pkg/lib/python3.10/site-packages/ai_vision_pkg-0.0.0-py3.10.egg-info/requires.txt
/home/g22/GitHub/ros2_package_testing_ws/src/ai_vision_pkg/install/ai_vision_pkg/lib/ai_vision_pkg/florence
/home/g22/GitHub/ros2_package_testing_ws/src/ai_vision_pkg/install/ai_vision_pkg/lib/ai_vision_pkg/image_publisher
/home/g22/GitHub/ros2_package_testing_ws/src/ai_vision_pkg/install/ai_vision_pkg/lib/ai_vision_pkg/listener
/home/g22/GitHub/ros2_package_testing_ws/src/ai_vision_pkg/install/ai_vision_pkg/lib/ai_vision_pkg/llama_NIM
/home/g22/GitHub/ros2_package_testing_ws/src/ai_vision_pkg/install/ai_vision_pkg/lib/ai_vision_pkg/sam2
/home/g22/GitHub/ros2_package_testing_ws/src/ai_vision_pkg/install/ai_vision_pkg/lib/ai_vision_pkg/take_photo
/home/g22/GitHub/ros2_package_testing_ws/src/ai_vision_pkg/install/ai_vision_pkg/lib/ai_vision_pkg/talker
/home/g22/GitHub/ros2_package_testing_ws/src/ai_vision_pkg/install/ai_vision_pkg/lib/ai_vision_pkg/vision_system
