[0.627s] Invoking command in '/home/g22/GitHub/ros2_package_testing_ws/src/ai_vision_pkg': PYTHONPATH=/home/g22/GitHub/ros2_package_testing_ws/src/ai_vision_pkg/build/ai_vision_pkg/prefix_override:/usr/lib/python3/dist-packages/colcon_core/task/python/colcon_distutils_commands:/home/g22/GitHub/ros2_package_testing_ws/src/ai_vision_pkg/install/ai_vision_pkg/lib/python3.10/site-packages:${PYTHONPATH} /usr/bin/python3 -W ignore:setup.py install is deprecated setup.py egg_info --egg-base build/ai_vision_pkg build --build-base /home/g22/GitHub/ros2_package_testing_ws/src/ai_vision_pkg/build/ai_vision_pkg/build install --record /home/g22/GitHub/ros2_package_testing_ws/src/ai_vision_pkg/build/ai_vision_pkg/install.log --single-version-externally-managed install_data
[0.887s] running egg_info
[0.888s] creating build/ai_vision_pkg/ai_vision_pkg.egg-info
[0.888s] writing build/ai_vision_pkg/ai_vision_pkg.egg-info/PKG-INFO
[0.888s] writing dependency_links to build/ai_vision_pkg/ai_vision_pkg.egg-info/dependency_links.txt
[0.889s] writing entry points to build/ai_vision_pkg/ai_vision_pkg.egg-info/entry_points.txt
[0.889s] writing requirements to build/ai_vision_pkg/ai_vision_pkg.egg-info/requires.txt
[0.889s] writing top-level names to build/ai_vision_pkg/ai_vision_pkg.egg-info/top_level.txt
[0.889s] writing manifest file 'build/ai_vision_pkg/ai_vision_pkg.egg-info/SOURCES.txt'
[0.891s] reading manifest file 'build/ai_vision_pkg/ai_vision_pkg.egg-info/SOURCES.txt'
[0.891s] adding license file 'LICENSE'
[0.891s] writing manifest file 'build/ai_vision_pkg/ai_vision_pkg.egg-info/SOURCES.txt'
[0.891s] running build
[0.892s] running build_py
[0.892s] creating /home/g22/GitHub/ros2_package_testing_ws/src/ai_vision_pkg/build/ai_vision_pkg/build
[0.892s] creating /home/g22/GitHub/ros2_package_testing_ws/src/ai_vision_pkg/build/ai_vision_pkg/build/lib
[0.892s] creating /home/g22/GitHub/ros2_package_testing_ws/src/ai_vision_pkg/build/ai_vision_pkg/build/lib/ai_vision_pkg
[0.892s] copying ai_vision_pkg/publisher_member_function.py -> /home/g22/GitHub/ros2_package_testing_ws/src/ai_vision_pkg/build/ai_vision_pkg/build/lib/ai_vision_pkg
[0.892s] copying ai_vision_pkg/take_photo.py -> /home/g22/GitHub/ros2_package_testing_ws/src/ai_vision_pkg/build/ai_vision_pkg/build/lib/ai_vision_pkg
[0.893s] copying ai_vision_pkg/__init__.py -> /home/g22/GitHub/ros2_package_testing_ws/src/ai_vision_pkg/build/ai_vision_pkg/build/lib/ai_vision_pkg
[0.893s] copying ai_vision_pkg/sam2_inference.py -> /home/g22/GitHub/ros2_package_testing_ws/src/ai_vision_pkg/build/ai_vision_pkg/build/lib/ai_vision_pkg
[0.893s] copying ai_vision_pkg/florence_inference_member_function.py -> /home/g22/GitHub/ros2_package_testing_ws/src/ai_vision_pkg/build/ai_vision_pkg/build/lib/ai_vision_pkg
[0.893s] copying ai_vision_pkg/NIM_Llama.py -> /home/g22/GitHub/ros2_package_testing_ws/src/ai_vision_pkg/build/ai_vision_pkg/build/lib/ai_vision_pkg
[0.893s] copying ai_vision_pkg/subscriber_member_function.py -> /home/g22/GitHub/ros2_package_testing_ws/src/ai_vision_pkg/build/ai_vision_pkg/build/lib/ai_vision_pkg
[0.893s] copying ai_vision_pkg/image_publisher.py -> /home/g22/GitHub/ros2_package_testing_ws/src/ai_vision_pkg/build/ai_vision_pkg/build/lib/ai_vision_pkg
[0.894s] running install
[0.894s] running install_lib
[0.894s] creating /home/g22/GitHub/ros2_package_testing_ws/src/ai_vision_pkg/install/ai_vision_pkg/lib/python3.10/site-packages/ai_vision_pkg
[0.894s] copying /home/g22/GitHub/ros2_package_testing_ws/src/ai_vision_pkg/build/ai_vision_pkg/build/lib/ai_vision_pkg/publisher_member_function.py -> /home/g22/GitHub/ros2_package_testing_ws/src/ai_vision_pkg/install/ai_vision_pkg/lib/python3.10/site-packages/ai_vision_pkg
[0.895s] copying /home/g22/GitHub/ros2_package_testing_ws/src/ai_vision_pkg/build/ai_vision_pkg/build/lib/ai_vision_pkg/take_photo.py -> /home/g22/GitHub/ros2_package_testing_ws/src/ai_vision_pkg/install/ai_vision_pkg/lib/python3.10/site-packages/ai_vision_pkg
[0.895s] copying /home/g22/GitHub/ros2_package_testing_ws/src/ai_vision_pkg/build/ai_vision_pkg/build/lib/ai_vision_pkg/__init__.py -> /home/g22/GitHub/ros2_package_testing_ws/src/ai_vision_pkg/install/ai_vision_pkg/lib/python3.10/site-packages/ai_vision_pkg
[0.895s] copying /home/g22/GitHub/ros2_package_testing_ws/src/ai_vision_pkg/build/ai_vision_pkg/build/lib/ai_vision_pkg/sam2_inference.py -> /home/g22/GitHub/ros2_package_testing_ws/src/ai_vision_pkg/install/ai_vision_pkg/lib/python3.10/site-packages/ai_vision_pkg
[0.895s] copying /home/g22/GitHub/ros2_package_testing_ws/src/ai_vision_pkg/build/ai_vision_pkg/build/lib/ai_vision_pkg/florence_inference_member_function.py -> /home/g22/GitHub/ros2_package_testing_ws/src/ai_vision_pkg/install/ai_vision_pkg/lib/python3.10/site-packages/ai_vision_pkg
[0.896s] copying /home/g22/GitHub/ros2_package_testing_ws/src/ai_vision_pkg/build/ai_vision_pkg/build/lib/ai_vision_pkg/NIM_Llama.py -> /home/g22/GitHub/ros2_package_testing_ws/src/ai_vision_pkg/install/ai_vision_pkg/lib/python3.10/site-packages/ai_vision_pkg
[0.896s] copying /home/g22/GitHub/ros2_package_testing_ws/src/ai_vision_pkg/build/ai_vision_pkg/build/lib/ai_vision_pkg/subscriber_member_function.py -> /home/g22/GitHub/ros2_package_testing_ws/src/ai_vision_pkg/install/ai_vision_pkg/lib/python3.10/site-packages/ai_vision_pkg
[0.896s] copying /home/g22/GitHub/ros2_package_testing_ws/src/ai_vision_pkg/build/ai_vision_pkg/build/lib/ai_vision_pkg/image_publisher.py -> /home/g22/GitHub/ros2_package_testing_ws/src/ai_vision_pkg/install/ai_vision_pkg/lib/python3.10/site-packages/ai_vision_pkg
[0.896s] byte-compiling /home/g22/GitHub/ros2_package_testing_ws/src/ai_vision_pkg/install/ai_vision_pkg/lib/python3.10/site-packages/ai_vision_pkg/publisher_member_function.py to publisher_member_function.cpython-310.pyc
[0.896s] byte-compiling /home/g22/GitHub/ros2_package_testing_ws/src/ai_vision_pkg/install/ai_vision_pkg/lib/python3.10/site-packages/ai_vision_pkg/take_photo.py to take_photo.cpython-310.pyc
[0.897s] byte-compiling /home/g22/GitHub/ros2_package_testing_ws/src/ai_vision_pkg/install/ai_vision_pkg/lib/python3.10/site-packages/ai_vision_pkg/__init__.py to __init__.cpython-310.pyc
[0.897s] byte-compiling /home/g22/GitHub/ros2_package_testing_ws/src/ai_vision_pkg/install/ai_vision_pkg/lib/python3.10/site-packages/ai_vision_pkg/sam2_inference.py to sam2_inference.cpython-310.pyc
[0.898s] byte-compiling /home/g22/GitHub/ros2_package_testing_ws/src/ai_vision_pkg/install/ai_vision_pkg/lib/python3.10/site-packages/ai_vision_pkg/florence_inference_member_function.py to florence_inference_member_function.cpython-310.pyc
[0.901s] byte-compiling /home/g22/GitHub/ros2_package_testing_ws/src/ai_vision_pkg/install/ai_vision_pkg/lib/python3.10/site-packages/ai_vision_pkg/NIM_Llama.py to NIM_Llama.cpython-310.pyc
[0.901s] byte-compiling /home/g22/GitHub/ros2_package_testing_ws/src/ai_vision_pkg/install/ai_vision_pkg/lib/python3.10/site-packages/ai_vision_pkg/subscriber_member_function.py to subscriber_member_function.cpython-310.pyc
[0.902s] byte-compiling /home/g22/GitHub/ros2_package_testing_ws/src/ai_vision_pkg/install/ai_vision_pkg/lib/python3.10/site-packages/ai_vision_pkg/image_publisher.py to image_publisher.cpython-310.pyc
[0.903s] running install_data
[0.903s] creating /home/g22/GitHub/ros2_package_testing_ws/src/ai_vision_pkg/install/ai_vision_pkg/share
[0.903s] creating /home/g22/GitHub/ros2_package_testing_ws/src/ai_vision_pkg/install/ai_vision_pkg/share/ament_index
[0.903s] creating /home/g22/GitHub/ros2_package_testing_ws/src/ai_vision_pkg/install/ai_vision_pkg/share/ament_index/resource_index
[0.904s] creating /home/g22/GitHub/ros2_package_testing_ws/src/ai_vision_pkg/install/ai_vision_pkg/share/ament_index/resource_index/packages
[0.904s] copying resource/ai_vision_pkg -> /home/g22/GitHub/ros2_package_testing_ws/src/ai_vision_pkg/install/ai_vision_pkg/share/ament_index/resource_index/packages
[0.904s] creating /home/g22/GitHub/ros2_package_testing_ws/src/ai_vision_pkg/install/ai_vision_pkg/share/ai_vision_pkg
[0.904s] copying package.xml -> /home/g22/GitHub/ros2_package_testing_ws/src/ai_vision_pkg/install/ai_vision_pkg/share/ai_vision_pkg
[0.904s] creating /home/g22/GitHub/ros2_package_testing_ws/src/ai_vision_pkg/install/ai_vision_pkg/share/ai_vision_pkg/launch
[0.905s] copying launch/florence_inference_launch.py -> /home/g22/GitHub/ros2_package_testing_ws/src/ai_vision_pkg/install/ai_vision_pkg/share/ai_vision_pkg/launch
[0.905s] copying launch/vision_system_launch.py -> /home/g22/GitHub/ros2_package_testing_ws/src/ai_vision_pkg/install/ai_vision_pkg/share/ai_vision_pkg/launch
[0.905s] creating /home/g22/GitHub/ros2_package_testing_ws/src/ai_vision_pkg/install/ai_vision_pkg/share/ai_vision_pkg/srv
[0.905s] copying srv/LlamaService.srv -> /home/g22/GitHub/ros2_package_testing_ws/src/ai_vision_pkg/install/ai_vision_pkg/share/ai_vision_pkg/srv
[0.905s] running install_egg_info
[0.905s] Copying build/ai_vision_pkg/ai_vision_pkg.egg-info to /home/g22/GitHub/ros2_package_testing_ws/src/ai_vision_pkg/install/ai_vision_pkg/lib/python3.10/site-packages/ai_vision_pkg-0.0.0-py3.10.egg-info
[0.906s] running install_scripts
[0.926s] Installing florence script to /home/g22/GitHub/ros2_package_testing_ws/src/ai_vision_pkg/install/ai_vision_pkg/lib/ai_vision_pkg
[0.926s] Installing image_publisher script to /home/g22/GitHub/ros2_package_testing_ws/src/ai_vision_pkg/install/ai_vision_pkg/lib/ai_vision_pkg
[0.926s] Installing listener script to /home/g22/GitHub/ros2_package_testing_ws/src/ai_vision_pkg/install/ai_vision_pkg/lib/ai_vision_pkg
[0.926s] Installing llama_NIM script to /home/g22/GitHub/ros2_package_testing_ws/src/ai_vision_pkg/install/ai_vision_pkg/lib/ai_vision_pkg
[0.927s] Installing sam2 script to /home/g22/GitHub/ros2_package_testing_ws/src/ai_vision_pkg/install/ai_vision_pkg/lib/ai_vision_pkg
[0.927s] Installing take_photo script to /home/g22/GitHub/ros2_package_testing_ws/src/ai_vision_pkg/install/ai_vision_pkg/lib/ai_vision_pkg
[0.927s] Installing talker script to /home/g22/GitHub/ros2_package_testing_ws/src/ai_vision_pkg/install/ai_vision_pkg/lib/ai_vision_pkg
[0.927s] Installing vision_system script to /home/g22/GitHub/ros2_package_testing_ws/src/ai_vision_pkg/install/ai_vision_pkg/lib/ai_vision_pkg
[0.927s] writing list of installed files to '/home/g22/GitHub/ros2_package_testing_ws/src/ai_vision_pkg/build/ai_vision_pkg/install.log'
[0.958s] Invoked command in '/home/g22/GitHub/ros2_package_testing_ws/src/ai_vision_pkg' returned '0': PYTHONPATH=/home/g22/GitHub/ros2_package_testing_ws/src/ai_vision_pkg/build/ai_vision_pkg/prefix_override:/usr/lib/python3/dist-packages/colcon_core/task/python/colcon_distutils_commands:/home/g22/GitHub/ros2_package_testing_ws/src/ai_vision_pkg/install/ai_vision_pkg/lib/python3.10/site-packages:${PYTHONPATH} /usr/bin/python3 -W ignore:setup.py install is deprecated setup.py egg_info --egg-base build/ai_vision_pkg build --build-base /home/g22/GitHub/ros2_package_testing_ws/src/ai_vision_pkg/build/ai_vision_pkg/build install --record /home/g22/GitHub/ros2_package_testing_ws/src/ai_vision_pkg/build/ai_vision_pkg/install.log --single-version-externally-managed install_data
